TN:
SF:C:\Users\o885500\Vue TS\Assessment\totheloo\src\utility\genericUtility.ts
FN:5,capitalize
FN:8,(anonymous_1)
FN:18,groupBy
FN:20,(anonymous_3)
FN:33,orderBy
FN:34,(anonymous_5)
FNF:6
FNH:3
FNDA:0,capitalize
FNDA:0,(anonymous_1)
FNDA:9,groupBy
FNDA:16,(anonymous_3)
FNDA:4,orderBy
FNDA:0,(anonymous_5)
DA:6,0
DA:7,0
DA:8,0
DA:10,0
DA:19,9
DA:20,9
DA:21,16
DA:22,16
DA:23,16
DA:25,9
DA:34,4
DA:35,0
DA:36,0
DA:38,0
DA:39,0
DA:41,0
LF:16
LH:7
BRDA:22,0,0,16
BRDA:22,0,1,10
BRDA:35,1,0,0
BRDA:35,1,1,0
BRDA:38,2,0,0
BRDA:38,2,1,0
BRF:6
BRH:2
end_of_record
